<?xml version="1.0" encoding="utf-8"?><testsuites><testsuite name="pytest" errors="0" failures="1" skipped="0" tests="3" time="0.054" timestamp="2025-01-08T06:24:26.341794+11:00" hostname="Vics-MacBook-Air.local"><testcase classname="integration.test_dashboard" name="test_dashboard_config" time="0.001"><failure message="AssertionError: assert False&#10; +  where False = exists()&#10; +    where exists = PosixPath('/Users/Shared/cursor/project_management_dashboard/config/dashboard.json').exists">project_root = PosixPath('/Users/Shared/cursor/project_management_dashboard')

    def test_dashboard_config(project_root):
        config_file = project_root / 'config' / 'dashboard.json'
&gt;       assert config_file.exists()
E       AssertionError: assert False
E        +  where False = exists()
E        +    where exists = PosixPath('/Users/Shared/cursor/project_management_dashboard/config/dashboard.json').exists

tests/integration/test_dashboard.py:7: AssertionError</failure></testcase><testcase classname="integration.test_dashboard" name="test_metrics_integration" time="0.001" /><testcase classname="integration.test_dashboard" name="test_coverage_report" time="0.000" /></testsuite></testsuites>
